<?xml version="1.0" encoding="UTF-8"?>
<testng-results skipped="0" failed="0" ignored="0" total="1" passed="1">
  <reporter-output>
  </reporter-output>
  <suite name="Test - Suite" duration-ms="22663" started-at="2017-09-01T23:37:57Z" finished-at="2017-09-01T23:38:20Z">
    <groups>
    </groups>
    <test name="Login" duration-ms="22663" started-at="2017-09-01T23:37:57Z" finished-at="2017-09-01T23:38:20Z">
      <class name="automationFramework.TestNG">
        <test-method status="PASS" signature="beforeMethod()[pri:0, instance:automationFramework.TestNG@28d25987]" name="beforeMethod" is-config="true" duration-ms="21955" started-at="2017-09-02T09:37:57Z" finished-at="2017-09-02T09:38:19Z">
          <reporter-output>
          </reporter-output>
        </test-method> <!-- beforeMethod -->
        <test-method status="PASS" signature="main()[pri:0, instance:automationFramework.TestNG@28d25987]" name="main" duration-ms="566" started-at="2017-09-02T09:38:19Z" finished-at="2017-09-02T09:38:20Z">
          <reporter-output>
          </reporter-output>
        </test-method> <!-- main -->
        <test-method status="PASS" signature="afterMethod()[pri:0, instance:automationFramework.TestNG@28d25987]" name="afterMethod" is-config="true" duration-ms="123" started-at="2017-09-02T09:38:20Z" finished-at="2017-09-02T09:38:20Z">
          <reporter-output>
          </reporter-output>
        </test-method> <!-- afterMethod -->
      </class> <!-- automationFramework.TestNG -->
    </test> <!-- Login -->
  </suite> <!-- Test - Suite -->
</testng-results>
